Build started 3/8/2017 5:37:35 PM.
     1>Project "G:\My Documents\GitHub\pandemic\Pandemic\Pandemic.vcxproj" on node 2 (Build target(s)).
     1>ClCompile:
         C:\Program Files (x86)\Microsoft Visual Studio 12.0\VC\bin\x86_amd64\CL.exe /c /Zi /nologo /W3 /WX- /sdl /O2 /Oi /GL /D NDEBUG /D _CONSOLE /D _UNICODE /D UNICODE /Gm- /EHsc /MD /GS /Gy /fp:precise /Zc:wchar_t /Zc:forScope /Fo"x64\Release\\" /Fd"x64\Release\vc120.pdb" /Gd /TP /errorReport:prompt Player.cpp main.cpp
         Player.cpp
         main.cpp
       Link:
         C:\Program Files (x86)\Microsoft Visual Studio 12.0\VC\bin\x86_amd64\link.exe /ERRORREPORT:PROMPT /OUT:"G:\My Documents\GitHub\pandemic\x64\Release\Pandemic.exe" /INCREMENTAL:NO /NOLOGO kernel32.lib user32.lib gdi32.lib winspool.lib comdlg32.lib advapi32.lib shell32.lib ole32.lib oleaut32.lib uuid.lib odbc32.lib odbccp32.lib /MANIFEST /MANIFESTUAC:"level='asInvoker' uiAccess='false'" /manifest:embed /DEBUG /PDB:"G:\My Documents\GitHub\pandemic\x64\Release\Pandemic.pdb" /SUBSYSTEM:CONSOLE /OPT:REF /OPT:ICF /LTCG /TLBID:1 /DYNAMICBASE /NXCOMPAT /IMPLIB:"G:\My Documents\GitHub\pandemic\x64\Release\Pandemic.lib" /MACHINE:X64 x64\Release\City.obj
         x64\Release\Deck.obj
         x64\Release\Epidemic.obj
         x64\Release\Event.obj
         x64\Release\main.obj
         x64\Release\Player.obj
         x64\Release\PlayerCard.obj
         x64\Release\reference_cards.obj
         x64\Release\roles.obj
         Generating code
         Finished generating code
         Pandemic.vcxproj -> G:\My Documents\GitHub\pandemic\x64\Release\Pandemic.exe
     1>Done Building Project "G:\My Documents\GitHub\pandemic\Pandemic\Pandemic.vcxproj" (Build target(s)).

Build succeeded.

Time Elapsed 00:00:07.31
